BH365Android/app/build/outputs/mapping/release/configuration.txt
# The proguard configuration file for the following section is release/processReleaseResources/aapt_rules.txt
-keep class androidx.core.app.CoreComponentFactory { <init>(); }
-keep class androidx.profileinstaller.ProfileInstallReceiver { <init>(); }
-keep class androidx.startup.InitializationProvider { <init>(); }
-keep class com.dannywilsoncodeshop.bh365study.MainActivity { <init>(); }

# End of content from release/processReleaseResources/aapt_rules.txt
# The proguard configuration file for the following section is Android Gradle plugin 9.2.1 (extracted file: /Users/dannywilson/DevOps/digital-resume-modern-dark/BH365Android/app/build/intermediates/default_proguard_files/global/proguard-android-optimize.txt-9.2.1)
# This is a configuration file for ProGuard.
# http://proguard.sourceforge.net/index.html#manual/usage.html
#
# Starting with version 2.2 of the Android plugin for Gradle, this file is distributed together with
# the plugin and unpacked at build-time. The files in $ANDROID_HOME are no longer maintained and
# will be ignored by new version of the Android plugin for Gradle.

# Optimizations: If you don't want to optimize, use the proguard-android.txt configuration file
# instead of this one, which turns off the optimization flags.
-allowaccessmodification

# Preserve some attributes that may be required for reflection.
-keepattributes AnnotationDefault,
                EnclosingMethod,
                InnerClasses,
                RuntimeVisibleAnnotations,
                RuntimeVisibleParameterAnnotations,
                RuntimeVisibleTypeAnnotations,
                Signature

-keep public class com.google.vending.licensing.ILicensingService
-keep public class com.android.vending.licensing.ILicensingService
-keep public class com.google.android.vending.licensing.ILicensingService
-dontnote com.android.vending.licensing.ILicensingService
-dontnote com.google.vending.licensing.ILicensingService
-dontnote com.google.android.vending.licensing.ILicensingService

# For native methods, see https://www.guardsquare.com/manual/configuration/examples#native
-keepclasseswithmembernames,includedescriptorclasses class * {
    native <methods>;
}

# Keep setters in Views so that animations can still work.
-keepclassmembers public class * extends android.view.View {
    void set*(***);
    *** get*();
}

# We want to keep methods in Activity that could be used in the XML attribute onClick.
-keepclassmembers class * extends android.app.Activity {
    public void *(android.view.View);
}

# For enumeration classes, see https://www.guardsquare.com/manual/configuration/examples#enumerations
-keepclassmembers enum * {
    public static **[] values();
    public static ** valueOf(java.lang.String);
}

-keepclassmembers class * implements android.os.Parcelable {
    public static final ** CREATOR;
}

# Preserve annotated Javascript interface methods.
-keepclassmembers class * {
    @android.webkit.JavascriptInterface <methods>;
}

# The support libraries contains references to newer platform versions.
# Don't warn about those in case this app is linking against an older
# platform version. We know about them, and they are safe.
-dontnote android.support.**
-dontnote androidx.**
-dontwarn android.support.**
-dontwarn androidx.**

# Understand the @Keep support annotation.
-keep class android.support.annotation.Keep

-keep @android.support.annotation.Keep class * {*;}

-keepclasseswithmembers class * {
    @android.support.annotation.Keep <methods>;
}

-keepclasseswithmembers class * {
    @android.support.annotation.Keep <fields>;
}

-keepclasseswithmembers class * {
    @android.support.annotation.Keep <init>(...);
}

# These classes are duplicated between android.jar and org.apache.http.legacy.jar.
-dontnote org.apache.http.**
-dontnote android.net.http.**

# These classes are duplicated between android.jar and core-lambda-stubs.jar.
-dontnote java.lang.invoke.**

# End of content from Android Gradle plugin 9.2.1 (extracted file: /Users/dannywilson/DevOps/digital-resume-modern-dark/BH365Android/app/build/intermediates/default_proguard_files/global/proguard-android-optimize.txt-9.2.1)
# The proguard configuration file for the following section is BH365Android/app/proguard-rules.pro
# Keep WebView JavaScript interface
-keepclassmembers class * {
    @android.webkit.JavascriptInterface <methods>;
}

# End of content from BH365Android/app/proguard-rules.pro
# The proguard configuration file for the following section is androidx.webkit:webkit:1.9.0 (extracted file: /Users/dannywilson/.gradle/caches/9.4.1/transforms/ab8c657b20f5494944f457c714eb9ad3/transformed/webkit-1.9.0/proguard.txt)
# Copyright 2018 The Chromium Authors
# Use of this source code is governed by a BSD-style license that can be
# found in the LICENSE file.

# We need to avoid obfuscating the support library boundary interface because
# this API is shared with the Android Support Library.
# Note that we only 'keep' the package org.chromium.support_lib_boundary itself,
# any sub-packages of that package can still be obfuscated.
-keep public class org.chromium.support_lib_boundary.* { public *; }

# Copyright (C) 2018 The Android Open Source Project
#
# Licensed under the Apache License, Version 2.0 (the "License");
# you may not use this file except in compliance with the License.
# You may obtain a copy of the License at
#
#      http://www.apache.org/licenses/LICENSE-2.0
#
# Unless required by applicable law or agreed to in writing, software
# distributed under the License is distributed on an "AS IS" BASIS,
# WITHOUT WARRANTIES OR CONDITIONS OF ANY KIND, either express or implied.
# See the License for the specific language governing permissions and
# limitations under the License.

# Prevent WebViewClientCompat from being renamed, since chromium depends on this name.
-keepnames public class androidx.webkit.WebViewClientCompat

# Prevent ProcessGlobalConfig and member sProcessGlobalConfig from being renamed, since chromium
# depends on this name.
-keepnames public class androidx.webkit.ProcessGlobalConfig {
    private static final *** sProcessGlobalConfig;
}
# End of content from androidx.webkit:webkit:1.9.0 (extracted file: /Users/dannywilson/.gradle/caches/9.4.1/transforms/ab8c657b20f5494944f457c714eb9ad3/transformed/webkit-1.9.0/proguard.txt)
# The proguard configuration file for the following section is androidx.core:core:1.12.0 (extracted file: /Users/dannywilson/.gradle/caches/9.4.1/transforms/eab77b4231dbf10923d42548ccb97a3f/transformed/core-1.12.0/proguard.txt)
# Never inline methods, but allow shrinking and obfuscation.
-keepclassmembernames,allowobfuscation,allowshrinking class androidx.core.view.ViewCompat$Api* {
  <methods>;
}
-keepclassmembernames,allowobfuscation,allowshrinking class androidx.core.view.WindowInsetsCompat$*Impl* {
  <methods>;
}
-keepclassmembernames,allowobfuscation,allowshrinking class androidx.core.app.NotificationCompat$*$Api*Impl {
  <methods>;
}
-keepclassmembernames,allowobfuscation,allowshrinking class androidx.core.os.UserHandleCompat$Api*Impl {
  <methods>;
}
-keepclassmembernames,allowobfuscation,allowshrinking class androidx.core.widget.EdgeEffectCompat$Api*Impl {
  <methods>;
}

# End of content from androidx.core:core:1.12.0 (extracted file: /Users/dannywilson/.gradle/caches/9.4.1/transforms/eab77b4231dbf10923d42548ccb97a3f/transformed/core-1.12.0/proguard.txt)
# The proguard configuration file for the following section is androidx.savedstate:savedstate:1.2.1 (extracted file: /Users/dannywilson/.gradle/caches/9.4.1/transforms/0d8519dcc7361269cd80e2e383b32d5b/transformed/savedstate-1.2.1/proguard.txt)
# Copyright (C) 2019 The Android Open Source Project
#
# Licensed under the Apache License, Version 2.0 (the "License");
# you may not use this file except in compliance with the License.
# You may obtain a copy of the License at
#
#      http://www.apache.org/licenses/LICENSE-2.0
#
# Unless required by applicable law or agreed to in writing, software
# distributed under the License is distributed on an "AS IS" BASIS,
# WITHOUT WARRANTIES OR CONDITIONS OF ANY KIND, either express or implied.
# See the License for the specific language governing permissions and
# limitations under the License.

-keepclassmembers,allowobfuscation class * implements androidx.savedstate.SavedStateRegistry$AutoRecreated {
    <init>();
}

# End of content from androidx.savedstate:savedstate:1.2.1 (extracted file: /Users/dannywilson/.gradle/caches/9.4.1/transforms/0d8519dcc7361269cd80e2e383b32d5b/transformed/savedstate-1.2.1/proguard.txt)
# The proguard configuration file for the following section is androidx.lifecycle:lifecycle-viewmodel:2.6.1 (extracted file: /Users/dannywilson/.gradle/caches/9.4.1/transforms/ed4b696e0997e1e220a91b4b12537182/transformed/lifecycle-viewmodel-2.6.1/proguard.txt)
-keepclassmembers,allowobfuscation class * extends androidx.lifecycle.ViewModel {
    <init>();
}

-keepclassmembers,allowobfuscation class * extends androidx.lifecycle.AndroidViewModel {
    <init>(android.app.Application);
}

# End of content from androidx.lifecycle:lifecycle-viewmodel:2.6.1 (extracted file: /Users/dannywilson/.gradle/caches/9.4.1/transforms/ed4b696e0997e1e220a91b4b12537182/transformed/lifecycle-viewmodel-2.6.1/proguard.txt)
# The proguard configuration file for the following section is androidx.lifecycle:lifecycle-runtime:2.6.1 (extracted file: /Users/dannywilson/.gradle/caches/9.4.1/transforms/a6a99f4edd2f6582f575e04cccc1ba0c/transformed/lifecycle-runtime-2.6.1/proguard.txt)
-keepattributes AnnotationDefault,
                RuntimeVisibleAnnotations,
                RuntimeVisibleParameterAnnotations,
                RuntimeVisibleTypeAnnotations

-keepclassmembers enum androidx.lifecycle.Lifecycle$Event {
    <fields>;
}

-keep !interface * implements androidx.lifecycle.LifecycleObserver {
}

-keep class * implements androidx.lifecycle.GeneratedAdapter {
    <init>(...);
}

-keepclassmembers class ** {
    @androidx.lifecycle.OnLifecycleEvent *;
}

# this rule is need to work properly when app is compiled with api 28, see b/142778206
# Also this rule prevents registerIn from being inlined.
-keepclassmembers class androidx.lifecycle.ReportFragment$LifecycleCallbacks { *; }
# End of content from androidx.lifecycle:lifecycle-runtime:2.6.1 (extracted file: /Users/dannywilson/.gradle/caches/9.4.1/transforms/a6a99f4edd2f6582f575e04cccc1ba0c/transformed/lifecycle-runtime-2.6.1/proguard.txt)
# The proguard configuration file for the following section is androidx.lifecycle:lifecycle-viewmodel-savedstate:2.6.1 (extracted file: /Users/dannywilson/.gradle/caches/9.4.1/transforms/3f144a5b9f2aa0d071ed8231a964a27b/transformed/lifecycle-viewmodel-savedstate-2.6.1/proguard.txt)
-keepclassmembers,allowobfuscation class * extends androidx.lifecycle.ViewModel {
    <init>(androidx.lifecycle.SavedStateHandle);
}

-keepclassmembers,allowobfuscation class * extends androidx.lifecycle.AndroidViewModel {
    <init>(android.app.Application,androidx.lifecycle.SavedStateHandle);
}

# End of content from androidx.lifecycle:lifecycle-viewmodel-savedstate:2.6.1 (extracted file: /Users/dannywilson/.gradle/caches/9.4.1/transforms/3f144a5b9f2aa0d071ed8231a964a27b/transformed/lifecycle-viewmodel-savedstate-2.6.1/proguard.txt)
# The proguard configuration file for the following section is androidx.versionedparcelable:versionedparcelable:1.1.1 (extracted file: /Users/dannywilson/.gradle/caches/9.4.1/transforms/dba9b170c083013b1d4a5708d5bc319c/transformed/versionedparcelable-1.1.1/proguard.txt)
-keep class * implements androidx.versionedparcelable.VersionedParcelable
-keep public class android.support.**Parcelizer { *; }
-keep public class androidx.**Parcelizer { *; }
-keep public class androidx.versionedparcelable.ParcelImpl

# End of content from androidx.versionedparcelable:versionedparcelable:1.1.1 (extracted file: /Users/dannywilson/.gradle/caches/9.4.1/transforms/dba9b170c083013b1d4a5708d5bc319c/transformed/versionedparcelable-1.1.1/proguard.txt)
# The proguard configuration file for the following section is androidx.startup:startup-runtime:1.1.1 (extracted file: /Users/dannywilson/.gradle/caches/9.4.1/transforms/8797b4052906e0395e5a1a8b54ccb10f/transformed/startup-runtime-1.1.1/proguard.txt)
# It's important that we preserve initializer names, given they are used in the AndroidManifest.xml.
-keepnames class * extends androidx.startup.Initializer

# These Proguard rules ensures that ComponentInitializers are are neither shrunk nor obfuscated,
# and are a part of the primary dex file. This is because they are discovered and instantiated
# during application startup.
-keep class * extends androidx.startup.Initializer {
    # Keep the public no-argument constructor while allowing other methods to be optimized.
    <init>();
}

-assumenosideeffects class androidx.startup.StartupLogger { public static <methods>; }

# End of content from androidx.startup:startup-runtime:1.1.1 (extracted file: /Users/dannywilson/.gradle/caches/9.4.1/transforms/8797b4052906e0395e5a1a8b54ccb10f/transformed/startup-runtime-1.1.1/proguard.txt)
# The proguard configuration file for the following section is androidx.annotation:annotation-jvm:1.6.0 (extracted file: /Users/dannywilson/.gradle/caches/9.4.1/transforms/031018f624234244190d72b9986a0b68/transformed/shrink-rules/lib/META-INF/proguard/androidx-annotations.pro)
-keep,allowobfuscation @interface androidx.annotation.Keep
-keep @androidx.annotation.Keep class * {*;}

-keepclasseswithmembers class * {
    @androidx.annotation.Keep <methods>;
}

-keepclasseswithmembers class * {
    @androidx.annotation.Keep <fields>;
}

-keepclasseswithmembers class * {
    @androidx.annotation.Keep <init>(...);
}

-keepclassmembers,allowobfuscation class * {
  @androidx.annotation.DoNotInline <methods>;
}

# End of content from androidx.annotation:annotation-jvm:1.6.0 (extracted file: /Users/dannywilson/.gradle/caches/9.4.1/transforms/031018f624234244190d72b9986a0b68/transformed/shrink-rules/lib/META-INF/proguard/androidx-annotations.pro)
# The proguard configuration file for the following section is org.jetbrains.kotlinx:kotlinx-coroutines-core-jvm:1.6.4 (extracted file: /Users/dannywilson/.gradle/caches/9.4.1/transforms/46364188b39d3ec397d827646a89ea94/transformed/shrink-rules/lib/META-INF/com.android.tools/r8/coroutines.pro)
# When editing this file, update the following files as well:
# - META-INF/proguard/coroutines.pro
# - META-INF/com.android.tools/proguard/coroutines.pro

# Most of volatile fields are updated with AFU and should not be mangled
-keepclassmembers class kotlinx.coroutines.** {
    volatile <fields>;
}

# Same story for the standard library's SafeContinuation that also uses AtomicReferenceFieldUpdater
-keepclassmembers class kotlin.coroutines.SafeContinuation {
    volatile <fields>;
}

# These classes are only required by kotlinx.coroutines.debug.AgentPremain, which is only loaded when
# kotlinx-coroutines-core is used as a Java agent, so these are not needed in contexts where ProGuard is used.
-dontwarn java.lang.instrument.ClassFileTransformer
-dontwarn sun.misc.SignalHandler
-dontwarn java.lang.instrument.Instrumentation
-dontwarn sun.misc.Signal

# Only used in `kotlinx.coroutines.internal.ExceptionsConstructor`.
# The case when it is not available is hidden in a `try`-`catch`, as well as a check for Android.
-dontwarn java.lang.ClassValue

# An annotation used for build tooling, won't be directly accessed.
-dontwarn org.codehaus.mojo.animal_sniffer.IgnoreJRERequirement

# End of content from org.jetbrains.kotlinx:kotlinx-coroutines-core-jvm:1.6.4 (extracted file: /Users/dannywilson/.gradle/caches/9.4.1/transforms/46364188b39d3ec397d827646a89ea94/transformed/shrink-rules/lib/META-INF/com.android.tools/r8/coroutines.pro)
# The proguard configuration file for the following section is org.jetbrains.kotlinx:kotlinx-coroutines-android:1.6.4 (extracted file: /Users/dannywilson/.gradle/caches/9.4.1/transforms/85613d4d99fa207d31aee9d42d65401c/transformed/shrink-rules/lib/META-INF/com.android.tools/r8-from-1.6.0/coroutines.pro)
# Allow R8 to optimize away the FastServiceLoader.
# Together with ServiceLoader optimization in R8
# this results in direct instantiation when loading Dispatchers.Main
-assumenosideeffects class kotlinx.coroutines.internal.MainDispatcherLoader {
    boolean FAST_SERVICE_LOADER_ENABLED return false;
}

-assumenosideeffects class kotlinx.coroutines.internal.FastServiceLoaderKt {
    boolean ANDROID_DETECTED return true;
}

# Disable support for "Missing Main Dispatcher", since we always have Android main dispatcher
-assumenosideeffects class kotlinx.coroutines.internal.MainDispatchersKt {
    boolean SUPPORT_MISSING return false;
}

# Statically turn off all debugging facilities and assertions
-assumenosideeffects class kotlinx.coroutines.DebugKt {
    boolean getASSERTIONS_ENABLED() return false;
    boolean getDEBUG() return false;
    boolean getRECOVER_STACK_TRACES() return false;
}

# End of content from org.jetbrains.kotlinx:kotlinx-coroutines-android:1.6.4 (extracted file: /Users/dannywilson/.gradle/caches/9.4.1/transforms/85613d4d99fa207d31aee9d42d65401c/transformed/shrink-rules/lib/META-INF/com.android.tools/r8-from-1.6.0/coroutines.pro)
# The proguard configuration file for the following section is <unknown>

# End of content from <unknown>