BH365Android/app/build/outputs/mapping/release/seeds.txt
com.dannywilsoncodeshop.bh365study.MainActivity
com.dannywilsoncodeshop.bh365study.MainActivity: MainActivity()
...
org.chromium.support_lib_boundary.FeatureFlagHolderBoundaryInterface: java.lang.String[] getSupportedFeatures()
org.chromium.support_lib_boundary.WebViewProviderBoundaryInterface: java.lang.reflect.InvocationHandler getWebViewRenderer()
org.chromium.support_lib_boundary.StaticsBoundaryInterface: void setSafeBrowsingAllowlist(java.util.Set,android.webkit.ValueCallback)
org.chromium.support_lib_boundary.WebSettingsBoundaryInterface: void setOffscreenPreRaster(boolean)
org.chromium.support_lib_boundary.WebResourceErrorBoundaryInterface: java.lang.CharSequence getDescription()
org.chromium.support_lib_boundary.WebResourceRequestBoundaryInterface: boolean isRedirect()
androidx.core.view.ViewCompat$Api16Impl: int getWindowSystemUiVisibility(android.view.View)
androidx.profileinstaller.FileSectionType: androidx.profileinstaller.FileSectionType valueOf(java.lang.String)
androidx.activity.Api34Impl: float touchX(android.window.BackEvent)
android.support.v4.graphics.drawable.IconCompatParcelizer: void write(androidx.core.graphics.drawable.IconCompat,androidx.versionedparcelable.VersionedParcel)
org.chromium.support_lib_boundary.WebMessageBoundaryInterface: java.lang.String getData()
org.chromium.support_lib_boundary.WebSettingsBoundaryInterface: boolean getEnterpriseAuthenticationAppLinkPolicyEnabled()
androidx.activity.OnBackPressedDispatcher$Api33Impl: void registerOnBackInvokedCallback(java.lang.Object,int,java.lang.Object)
org.chromium.support_lib_boundary.WebViewProviderBoundaryInterface: void insertVisualStateCallback(long,java.lang.reflect.InvocationHandler)
org.chromium.support_lib_boundary.VisualStateCallbackBoundaryInterface: void onComplete(long)
org.chromium.support_lib_boundary.WebSettingsBoundaryInterface: void setForceDark(int)
androidx.activity.Api34Impl: float progress(android.window.BackEvent)
androidx.core.view.ViewCompat$Api28Impl: boolean isAccessibilityHeading(android.view.View)
org.chromium.support_lib_boundary.WebkitToCompatConverterBoundaryInterface: java.lang.Object convertServiceWorkerSettings(java.lang.reflect.InvocationHandler)
androidx.activity.Api34Impl: float touchY(android.window.BackEvent)
org.chromium.support_lib_boundary.WebViewClientBoundaryInterface: boolean shouldOverrideUrlLoading(android.webkit.WebView,android.webkit.WebResourceRequest)
org.chromium.support_lib_boundary.WebSettingsBoundaryInterface: int getDisabledActionModeMenuItems()
androidx.versionedparcelable.CustomVersionedParcelable: CustomVersionedParcelable()
org.chromium.support_lib_boundary.ServiceWorkerWebSettingsBoundaryInterface: boolean getAllowFileAccess()
org.chromium.support_lib_boundary.WebSettingsBoundaryInterface: void setRequestedWithHeaderOriginAllowList(java.util.Set)
androidx.core.view.ViewCompat$Api16Impl: android.view.ViewParent getParentForAccessibility(android.view.View)
androidx.lifecycle.LegacySavedStateHandleController$OnRecreation: LegacySavedStateHandleController$OnRecreation()
org.chromium.support_lib_boundary.ServiceWorkerWebSettingsBoundaryInterface: void setAllowFileAccess(boolean)
androidx.activity.ComponentActivity$Api33Impl: android.window.OnBackInvokedDispatcher getOnBackInvokedDispatcher(android.app.Activity)
androidx.core.view.ViewCompat$Api19Impl: int getAccessibilityLiveRegion(android.view.View)
org.chromium.support_lib_boundary.WebViewProviderFactoryBoundaryInterface: java.lang.reflect.InvocationHandler getTracingController()
org.chromium.support_lib_boundary.WebViewProviderFactoryBoundaryInterface: java.lang.String[] getSupportedFeatures()
org.chromium.support_lib_boundary.WebkitToCompatConverterBoundaryInterface: java.lang.reflect.InvocationHandler convertWebResourceRequest(android.webkit.WebResourceRequest)
androidx.activity.OnBackPressedDispatcher$Api33Impl: void unregisterOnBackInvokedCallback(java.lang.Object,java.lang.Object)
org.chromium.support_lib_boundary.ServiceWorkerControllerBoundaryInterface: void setServiceWorkerClient(java.lang.reflect.InvocationHandler)