BH365Android/app/build/outputs/mapping/release/mapping.txt
# compiler: R8
# compiler_version: 9.2.14
# min_api: 26
# common_typos_disable
# {"id":"com.android.tools.r8.mapping","version":"2.2"}
# pg_map_id: 251f79572e830e8b6bd63b820b40b7b3423ea51223343b2c80ad9b7a7f9aa7a5
# pg_map_hash: SHA-256 251f79572e830e8b6bd63b820b40b7b3423ea51223343b2c80ad9b7a7f9aa7a5
com.dannywilsoncodeshop.bh365study.MainActivity -> com.dannywilsoncodeshop.bh365study.MainActivity:
# {"id":"sourceFile","fileName":"MainActivity.kt"}
    android.webkit.WebView webView -> r
    1:4:void <init>():13:13 -> <init>
    1:13:void onBackPressed():43:43 -> onBackPressed
    14:25:void onBackPressed():44:44 -> onBackPressed
    26:29:void onBackPressed():46:46 -> onBackPressed
    30:33:void onBackPressed():43:43 -> onBackPressed
    1:3:void onCreate(android.os.Bundle):17:17 -> onCreate
    4:7:void onCreate(android.os.Bundle):20:20 -> onCreate
    8:14:void androidx.core.view.WindowCompat.setDecorFitsSystemWindows(android.view.Window,boolean):118:118 -> onCreate
    8:14:void onCreate(android.os.Bundle):20 -> onCreate
    15:18:void androidx.core.view.WindowCompat.setDecorFitsSystemWindows(android.view.Window,boolean):119:119 -> onCreate
    15:18:void onCreate(android.os.Bundle):20 -> onCreate
    19:21:void androidx.core.view.WindowCompat.setDecorFitsSystemWindows(android.view.Window,boolean):121:121 -> onCreate
    19:21:void onCreate(android.os.Bundle):20 -> onCreate
    22:31:void onCreate(android.os.Bundle):21:21 -> onCreate
    32:36:void onCreate(android.os.Bundle):23:23 -> onCreate
    37:44:void onCreate(android.os.Bundle):24:24 -> onCreate
    45:51:void onCreate(android.os.Bundle):25:25 -> onCreate
    52:59:void onCreate(android.os.Bundle):26:26 -> onCreate
    60:66:void onCreate(android.os.Bundle):27:27 -> onCreate
...
androidx.lifecycle.SavedStateHandleAttacher -> androidx.lifecycle.SavedStateHandleAttacher:
# {"id":"sourceFile","fileName":"SavedStateHandleSupport.kt"}
    androidx.lifecycle.SavedStateHandlesProvider provider -> a
      # {"id":"com.android.tools.r8.residualsignature","signature":"Lg3;"}
    1:3:void <init>(androidx.lifecycle.SavedStateHandlesProvider):187:187 -> <init>
      # {"id":"com.android.tools.r8.residualsignature","signature":"(Lg3;)V"}
    4:6:void <init>(androidx.lifecycle.SavedStateHandlesProvider):188:188 -> <init>
    1:4:void onStateChanged(androidx.lifecycle.LifecycleOwner,androidx.lifecycle.Lifecycle$Event):192:192 -> a
      # {"id":"com.android.tools.r8.residualsignature","signature":"(Landroidx/activity/a;Lq1;)V"}
    5:6:androidx.lifecycle.Lifecycle androidx.activity.ComponentActivity.getLifecycle():586:586 -> a
    5:6:void onStateChanged(androidx.lifecycle.LifecycleOwner,androidx.lifecycle.Lifecycle$Event):195 -> a
    7:9:void onStateChanged(androidx.lifecycle.LifecycleOwner,androidx.lifecycle.Lifecycle$Event):195:195 -> a
    10:15:void androidx.lifecycle.SavedStateHandlesProvider.performRestore():162:162 -> a
    10:15:void onStateChanged(androidx.lifecycle.LifecycleOwner,androidx.lifecycle.Lifecycle$Event):199 -> a
      # {"id":"com.android.tools.r8.rewriteFrame","conditions":["throws(Ljava/lang/NullPointerException;)"],"actions":["removeInnerFrames(1)"]}
    16:26:void androidx.lifecycle.SavedStateHandlesProvider.performRestore():163:163 -> a
androidx.lifecycle.SavedStateHandleController -> androidx.lifecycle.SavedStateHandleController:
# {"id":"sourceFile","fileName":"SavedStateHandleController.kt"}
    boolean isAttached -> a
    1:5:void onStateChanged(androidx.lifecycle.LifecycleOwner,androidx.lifecycle.Lifecycle$Event):36:36 -> a
      # {"id":"com.android.tools.r8.residualsignature","signature":"(Landroidx/activity/a;Lq1;)V"}
    6:7:void onStateChanged(androidx.lifecycle.LifecycleOwner,androidx.lifecycle.Lifecycle$Event):37:37 -> a
    8:9:androidx.lifecycle.Lifecycle androidx.activity.ComponentActivity.getLifecycle():586:586 -> a
    8:9:void onStateChanged(androidx.lifecycle.LifecycleOwner,androidx.lifecycle.Lifecycle$Event):38 -> a
    10:13:void onStateChanged(androidx.lifecycle.LifecycleOwner,androidx.lifecycle.Lifecycle$Event):38:38 -> a
androidx.lifecycle.SavedStateHandleSupport$savedStateHandlesVM$1$1 -> R8$$REMOVED$$CLASS$$11:
# {"id":"sourceFile","fileName":"SavedStateHandleSupport.kt"}
androidx.lifecycle.SavedStateHandlesProvider -> g3:
# {"id":"sourceFile","fileName":"SavedStateHandleSupport.kt"}
    androidx.savedstate.SavedStateRegistry savedStateRegistry -> a
      # {"id":"com.android.tools.r8.residualsignature","signature":"Ll3;"}
    boolean restored -> b
    android.os.Bundle restoredState -> c
    kotlin.Lazy viewModel$delegate -> d
      # {"id":"com.android.tools.r8.residualsignature","signature":"Ln3;"}
    4:6:void <init>(androidx.savedstate.SavedStateRegistry,androidx.lifecycle.ViewModelStoreOwner):126:126 -> <init>
      # {"id":"com.android.tools.r8.residualsignature","signature":"(Ll3;Landroidx/activity/a;)V"}
    7:8:void <init>(androidx.savedstate.SavedStateRegistry,androidx.lifecycle.ViewModelStoreOwner):127:127 -> <init>
    9:14:void <init>(androidx.savedstate.SavedStateRegistry,androidx.lifecycle.ViewModelStoreOwner):133:133 -> <init>
    15:19:kotlin.Lazy kotlin.LazyKt__LazyJVMKt.lazy(kotlin.jvm.functions.Function0):26:26 -> <init>
    15:19:void <init>(androidx.savedstate.SavedStateRegistry,androidx.lifecycle.ViewModelStoreOwner):133 -> <init>
    20:22:void <init>(androidx.savedstate.SavedStateRegistry,androidx.lifecycle.ViewModelStoreOwner):133:133 -> <init>
    1:5:android.os.Bundle saveState():138:138 -> a
    6:9:android.os.Bundle saveState():141:141 -> a
    10:12:android.os.Bundle saveState():142:142 -> a
    13:20:androidx.lifecycle.SavedStateHandlesVM getViewModel():133:133 -> a