BH365Android/app/build/outputs/mapping/release/usage.txt
com.dannywilsoncodeshop.bh365study.R$mipmap
com.dannywilsoncodeshop.bh365study.R$string
com.dannywilsoncodeshop.bh365study.R$style
com.dannywilsoncodeshop.bh365study.R
...
kotlinx.coroutines.channels.ConflatedBroadcastChannel$Companion
kotlinx.coroutines.channels.ConflatedBroadcastChannel$State
kotlinx.coroutines.channels.ConflatedBroadcastChannel$Subscriber
kotlinx.coroutines.channels.ConflatedBroadcastChannel$onSend$1
kotlinx.coroutines.channels.ConflatedBroadcastChannel
kotlinx.coroutines.channels.ConflatedChannel
kotlinx.coroutines.channels.LazyActorCoroutine
kotlinx.coroutines.channels.LazyBroadcastCoroutine
kotlinx.coroutines.channels.LinkedListChannel
kotlinx.coroutines.channels.ProduceKt$awaitClose$1
kotlinx.coroutines.channels.ProduceKt$awaitClose$2
kotlinx.coroutines.channels.ProduceKt$awaitClose$4$1
kotlinx.coroutines.channels.ProduceKt
kotlinx.coroutines.channels.ProducerCoroutine
kotlinx.coroutines.channels.ProducerScope$DefaultImpls
kotlinx.coroutines.channels.ProducerScope
kotlinx.coroutines.channels.Receive
kotlinx.coroutines.channels.ReceiveChannel$DefaultImpls
kotlinx.coroutines.channels.ReceiveChannel$onReceiveOrNull$1$registerSelectClause1$1
kotlinx.coroutines.channels.ReceiveChannel$onReceiveOrNull$1
kotlinx.coroutines.channels.ReceiveChannel$receiveOrNull$1
kotlinx.coroutines.channels.ReceiveChannel
kotlinx.coroutines.channels.ReceiveOrClosed
kotlinx.coroutines.channels.RendezvousChannel
kotlinx.coroutines.channels.Send
kotlinx.coroutines.channels.SendChannel$DefaultImpls
kotlinx.coroutines.channels.SendChannel
kotlinx.coroutines.channels.SendElement
kotlinx.coroutines.channels.SendElementWithUndeliveredHandler
kotlinx.coroutines.channels.TickerChannelsKt$fixedDelayTicker$1
kotlinx.coroutines.channels.TickerChannelsKt$fixedPeriodTicker$1
kotlinx.coroutines.channels.TickerChannelsKt$ticker$3$WhenMappings
kotlinx.coroutines.channels.TickerChannelsKt$ticker$3
kotlinx.coroutines.channels.TickerChannelsKt
kotlinx.coroutines.channels.TickerMode
kotlinx.coroutines.debug.AgentPremain$DebugProbesTransformer
kotlinx.coroutines.debug.AgentPremain
kotlinx.coroutines.debug.internal.AgentInstallationType
kotlinx.coroutines.debug.internal.ConcurrentWeakMap$Core$KeyValueIterator
kotlinx.coroutines.debug.internal.ConcurrentWeakMap$Core
kotlinx.coroutines.debug.internal.ConcurrentWeakMap$Entry
kotlinx.coroutines.debug.internal.ConcurrentWeakMap$KeyValueSet
kotlinx.coroutines.debug.internal.ConcurrentWeakMap$entries$1
kotlinx.coroutines.debug.internal.ConcurrentWeakMap$keys$1
kotlinx.coroutines.debug.internal.ConcurrentWeakMap
kotlinx.coroutines.debug.internal.ConcurrentWeakMapKt
kotlinx.coroutines.debug.internal.DebugCoroutineInfo
kotlinx.coroutines.debug.internal.DebugCoroutineInfoImpl$creationStackTrace$1
kotlinx.coroutines.debug.internal.DebugCoroutineInfoImpl$yieldFrames$1
kotlinx.coroutines.debug.internal.DebugCoroutineInfoImpl
kotlinx.coroutines.debug.internal.DebugCoroutineInfoImplKt
kotlinx.coroutines.debug.internal.DebugProbesImpl$CoroutineOwner
kotlinx.coroutines.debug.internal.DebugProbesImpl$SequenceNumberRefVolatile
kotlinx.coroutines.debug.internal.DebugProbesImpl$dumpCoroutinesInfo$$inlined$dumpCoroutinesInfoImpl$1
kotlinx.coroutines.debug.internal.DebugProbesImpl$dumpCoroutinesInfoImpl$1$3
kotlinx.coroutines.debug.internal.DebugProbesImpl$dumpCoroutinesInfoImpl$lambda-12$$inlined$sortedBy$1
kotlinx.coroutines.debug.internal.DebugProbesImpl$dumpCoroutinesSynchronized$1$2
kotlinx.coroutines.debug.internal.DebugProbesImpl$dumpCoroutinesSynchronized$lambda-19$$inlined$sortedBy$1
kotlinx.coroutines.debug.internal.DebugProbesImpl$dumpDebuggerInfo$$inlined$dumpCoroutinesInfoImpl$1
kotlinx.coroutines.debug.internal.DebugProbesImpl$startWeakRefCleanerThread$1
kotlinx.coroutines.debug.internal.DebugProbesImpl
kotlinx.coroutines.debug.internal.DebugProbesKt
kotlinx.coroutines.debug.internal.DebuggerInfo
kotlinx.coroutines.debug.internal.HashedWeakRef
kotlinx.coroutines.debug.internal.Marked
kotlinx.coroutines.debug.internal.StackTraceFrame
kotlinx.coroutines.flow.AbstractFlow$collect$1
kotlinx.coroutines.flow.AbstractFlow
kotlinx.coroutines.flow.CallbackFlowBuilder$collectTo$1